<?xml version="1.0" encoding="UTF-8"?>
<!-- Generated by org.testng.reporters.JUnitXMLReporter -->
<testsuite hostname="pankajro-w10" name="Default test" tests="1" failures="0" timestamp="9 Dec 2020 07:00:54 GMT" time="4.103" errors="0">
  <testcase name="@BeforeClass open" time="0.0" classname="com.project.demo.test.AuthTest">
    <failure type="org.openqa.selenium.SessionNotCreatedException" message="session not created: This version of ChromeDriver only supports Chrome version 88
Current browser version is 87.0.4280.88 with binary path C:\Program Files\Google\Chrome\Application\chrome.exe
Build info: version: &amp;apos;3.8.1&amp;apos;, revision: &amp;apos;6e95a6684b&amp;apos;, time: &amp;apos;2017-12-01T18:33:54.468Z&amp;apos;
System info: host: &amp;apos;PANKAJRO-W10&amp;apos;, ip: &amp;apos;172.27.179.26&amp;apos;, os.name: &amp;apos;Windows 10&amp;apos;, os.arch: &amp;apos;amd64&amp;apos;, os.version: &amp;apos;10.0&amp;apos;, java.version: &amp;apos;1.8.0_161&amp;apos;
Driver info: driver.version: ChromeDriver
remote stacktrace: Backtrace:
	GetHandleVerifier [0x000B8A43+483]
	GetHandleVerifier [0x000B8A21+449]
	GetHandleVerifier [0x004613C8+3836776]
	GetHandleVerifier [0x0047B73A+3944154]
	GetHandleVerifier [0x00477B9A+3928890]
	GetHandleVerifier [0x00475E7C+3921436]
	GetHandleVerifier [0x0049C89E+4079678]
	GetHandleVerifier [0x0049C60C+4079020]
	GetHandleVerifier [0x0049938B+4066091]
	GetHandleVerifier [0x0047CDB4+3949908]
	GetHandleVerifier [0x0047DC6E+3953678]
	GetHandleVerifier [0x0047DBF9+3953561]
	Ordinal0 [0x00086A8C+92812]
	Ordinal0 [0x00080572+66930]
	Ordinal0 [0x00080142+65858]
	GetHandleVerifier [0x003847B8+2932568]
	GetHandleVerifier [0x001C12EE+1084046]
	GetHandleVerifier [0x00178B3D+787165]
	GetHandleVerifier [0x0017855B+785659]
	GetHandleVerifier [0x00178471+785425]
	GetHandleVerifier [0x001AB7B3+995155]
	BaseThreadInitThunk [0x767B6359+25]
	RtlGetAppContainerNamedObjectPath [0x77D28944+228]
	RtlGetAppContainerNamedObjectPath [0x77D28914+180]
	(No symbol) [0x00000000]
">
      <![CDATA[org.openqa.selenium.SessionNotCreatedException: session not created: This version of ChromeDriver only supports Chrome version 88
Current browser version is 87.0.4280.88 with binary path C:\Program Files\Google\Chrome\Application\chrome.exe
Build info: version: '3.8.1', revision: '6e95a6684b', time: '2017-12-01T18:33:54.468Z'
System info: host: 'PANKAJRO-W10', ip: '172.27.179.26', os.name: 'Windows 10', os.arch: 'amd64', os.version: '10.0', java.version: '1.8.0_161'
Driver info: driver.version: ChromeDriver
remote stacktrace: Backtrace:
	GetHandleVerifier [0x000B8A43+483]
	GetHandleVerifier [0x000B8A21+449]
	GetHandleVerifier [0x004613C8+3836776]
	GetHandleVerifier [0x0047B73A+3944154]
	GetHandleVerifier [0x00477B9A+3928890]
	GetHandleVerifier [0x00475E7C+3921436]
	GetHandleVerifier [0x0049C89E+4079678]
	GetHandleVerifier [0x0049C60C+4079020]
	GetHandleVerifier [0x0049938B+4066091]
	GetHandleVerifier [0x0047CDB4+3949908]
	GetHandleVerifier [0x0047DC6E+3953678]
	GetHandleVerifier [0x0047DBF9+3953561]
	Ordinal0 [0x00086A8C+92812]
	Ordinal0 [0x00080572+66930]
	Ordinal0 [0x00080142+65858]
	GetHandleVerifier [0x003847B8+2932568]
	GetHandleVerifier [0x001C12EE+1084046]
	GetHandleVerifier [0x00178B3D+787165]
	GetHandleVerifier [0x0017855B+785659]
	GetHandleVerifier [0x00178471+785425]
	GetHandleVerifier [0x001AB7B3+995155]
	BaseThreadInitThunk [0x767B6359+25]
	RtlGetAppContainerNamedObjectPath [0x77D28944+228]
	RtlGetAppContainerNamedObjectPath [0x77D28914+180]
	(No symbol) [0x00000000]

	at sun.reflect.NativeConstructorAccessorImpl.newInstance0(Native Method)
	at sun.reflect.NativeConstructorAccessorImpl.newInstance(NativeConstructorAccessorImpl.java:62)
	at sun.reflect.DelegatingConstructorAccessorImpl.newInstance(DelegatingConstructorAccessorImpl.java:45)
	at java.lang.reflect.Constructor.newInstance(Constructor.java:423)
	at org.openqa.selenium.remote.W3CHandshakeResponse.lambda$new$0(W3CHandshakeResponse.java:57)
	at org.openqa.selenium.remote.W3CHandshakeResponse.lambda$getResponseFunction$2(W3CHandshakeResponse.java:104)
	at org.openqa.selenium.remote.ProtocolHandshake.lambda$createSession$0(ProtocolHandshake.java:123)
	at java.util.stream.ReferencePipeline$3$1.accept(ReferencePipeline.java:193)
	at java.util.Spliterators$ArraySpliterator.tryAdvance(Spliterators.java:958)
	at java.util.stream.ReferencePipeline.forEachWithCancel(ReferencePipeline.java:126)
	at java.util.stream.AbstractPipeline.copyIntoWithCancel(AbstractPipeline.java:498)
	at java.util.stream.AbstractPipeline.copyInto(AbstractPipeline.java:485)
	at java.util.stream.AbstractPipeline.wrapAndCopyInto(AbstractPipeline.java:471)
	at java.util.stream.FindOps$FindOp.evaluateSequential(FindOps.java:152)
	at java.util.stream.AbstractPipeline.evaluate(AbstractPipeline.java:234)
	at java.util.stream.ReferencePipeline.findFirst(ReferencePipeline.java:464)
	at org.openqa.selenium.remote.ProtocolHandshake.createSession(ProtocolHandshake.java:126)
	at org.openqa.selenium.remote.ProtocolHandshake.createSession(ProtocolHandshake.java:73)
	at org.openqa.selenium.remote.HttpCommandExecutor.execute(HttpCommandExecutor.java:142)
	at org.openqa.selenium.remote.service.DriverCommandExecutor.execute(DriverCommandExecutor.java:83)
	at org.openqa.selenium.remote.RemoteWebDriver.execute(RemoteWebDriver.java:601)
	at org.openqa.selenium.remote.RemoteWebDriver.startSession(RemoteWebDriver.java:219)
	at org.openqa.selenium.remote.RemoteWebDriver.<init>(RemoteWebDriver.java:142)
	at org.openqa.selenium.chrome.ChromeDriver.<init>(ChromeDriver.java:181)
	at org.openqa.selenium.chrome.ChromeDriver.<init>(ChromeDriver.java:168)
	at org.openqa.selenium.chrome.ChromeDriver.<init>(ChromeDriver.java:123)
	at com.project.demo.base.BaseClass.open(BaseClass.java:25)
	at sun.reflect.NativeMethodAccessorImpl.invoke0(Native Method)
	at sun.reflect.NativeMethodAccessorImpl.invoke(NativeMethodAccessorImpl.java:62)
	at sun.reflect.DelegatingMethodAccessorImpl.invoke(DelegatingMethodAccessorImpl.java:43)
	at java.lang.reflect.Method.invoke(Method.java:498)
	at org.testng.internal.MethodInvocationHelper.invokeMethod(MethodInvocationHelper.java:80)
	at org.testng.internal.Invoker.invokeConfigurationMethod(Invoker.java:564)
	at org.testng.internal.Invoker.invokeConfigurations(Invoker.java:213)
	at org.testng.internal.Invoker.invokeConfigurations(Invoker.java:138)
	at org.testng.internal.TestMethodWorker.invokeBeforeClassMethods(TestMethodWorker.java:175)
	at org.testng.internal.TestMethodWorker.run(TestMethodWorker.java:107)
	at org.testng.TestRunner.privateRun(TestRunner.java:767)
	at org.testng.TestRunner.run(TestRunner.java:617)
	at org.testng.SuiteRunner.runTest(SuiteRunner.java:334)
	at org.testng.SuiteRunner.runSequentially(SuiteRunner.java:329)
	at org.testng.SuiteRunner.privateRun(SuiteRunner.java:291)
	at org.testng.SuiteRunner.run(SuiteRunner.java:240)
	at org.testng.SuiteRunnerWorker.runSuite(SuiteRunnerWorker.java:52)
	at org.testng.SuiteRunnerWorker.run(SuiteRunnerWorker.java:86)
	at org.testng.TestNG.runSuitesSequentially(TestNG.java:1198)
	at org.testng.TestNG.runSuitesLocally(TestNG.java:1123)
	at org.testng.TestNG.run(TestNG.java:1031)
	at org.testng.remote.AbstractRemoteTestNG.run(AbstractRemoteTestNG.java:114)
	at org.testng.remote.RemoteTestNG.initAndRun(RemoteTestNG.java:251)
	at org.testng.remote.RemoteTestNG.main(RemoteTestNG.java:77)
]]>
    </failure>
  </testcase> <!-- @BeforeClass open -->
  <testcase name="@AfterClass end" time="0.0" classname="com.project.demo.test.AuthTest">
    <skipped/>
  </testcase> <!-- @AfterClass end -->
  <testcase name="InquiryTest" time="0.002" classname="com.project.demo.test.AuthTest">
    <skipped/>
  </testcase> <!-- InquiryTest -->
</testsuite> <!-- Default test -->
