<?xml version="1.0" encoding="UTF-8"?>
<testng-results skipped="1" failed="0" total="1" passed="0">
  <reporter-output>
  </reporter-output>
  <suite name="Suite" duration-ms="4336" started-at="2020-11-23T12:43:34Z" finished-at="2020-11-23T12:43:38Z">
    <groups>
    </groups>
    <test name="Test" duration-ms="4336" started-at="2020-11-23T12:43:34Z" finished-at="2020-11-23T12:43:38Z">
      <class name="com.project.demo.test.AuthTest">
        <test-method status="FAIL" signature="open()[pri:0, instance:com.project.demo.test.AuthTest@d041cf]" name="open" is-config="true" duration-ms="0" started-at="2020-11-23T18:13:34Z" finished-at="2020-11-23T18:13:34Z">
          <exception class="org.openqa.selenium.SessionNotCreatedException">
            <message>
              <![CDATA[session not created: This version of ChromeDriver only supports Chrome version 87
Current browser version is 86.0.4240.198 with binary path C:\Program Files\Google\Chrome\Application\chrome.exe
Build info: version: '3.8.1', revision: '6e95a6684b', time: '2017-12-01T18:33:54.468Z'
System info: host: 'PANKAJRO-W10', ip: '172.27.179.26', os.name: 'Windows 10', os.arch: 'amd64', os.version: '10.0', java.version: '1.8.0_161'
Driver info: driver.version: ChromeDriver
remote stacktrace: Backtrace:
	Ordinal0 [0x00BAECE3+3337443]
	Ordinal0 [0x00A8F041+2158657]
	Ordinal0 [0x00916FA8+618408]
	Ordinal0 [0x00891D52+73042]
	Ordinal0 [0x0088E0D8+57560]
	Ordinal0 [0x0088C38A+50058]
	Ordinal0 [0x008B5E8E+220814]
	Ordinal0 [0x008B5BFC+220156]
	Ordinal0 [0x008B181B+202779]
	Ordinal0 [0x00893D74+81268]
	Ordinal0 [0x00894D6E+85358]
	Ordinal0 [0x00894CF9+85241]
	Ordinal0 [0x00AA6F2C+2256684]
	GetHandleVerifier [0x00D32FAC+1478332]
	GetHandleVerifier [0x00D32AFD+1477133]
	GetHandleVerifier [0x00D3AAD8+1509864]
	GetHandleVerifier [0x00D3369E+1480110]
	Ordinal0 [0x00A9D6BD+2217661]
	Ordinal0 [0x00AA89AB+2263467]
	Ordinal0 [0x00AA8AEF+2263791]
	Ordinal0 [0x00ABD363+2347875]
	BaseThreadInitThunk [0x751A6359+25]
	RtlGetAppContainerNamedObjectPath [0x77467C24+228]
	RtlGetAppContainerNamedObjectPath [0x77467BF4+180]
]]>
            </message>
            <full-stacktrace>
              <![CDATA[org.openqa.selenium.SessionNotCreatedException: session not created: This version of ChromeDriver only supports Chrome version 87
Current browser version is 86.0.4240.198 with binary path C:\Program Files\Google\Chrome\Application\chrome.exe
Build info: version: '3.8.1', revision: '6e95a6684b', time: '2017-12-01T18:33:54.468Z'
System info: host: 'PANKAJRO-W10', ip: '172.27.179.26', os.name: 'Windows 10', os.arch: 'amd64', os.version: '10.0', java.version: '1.8.0_161'
Driver info: driver.version: ChromeDriver
remote stacktrace: Backtrace:
	Ordinal0 [0x00BAECE3+3337443]
	Ordinal0 [0x00A8F041+2158657]
	Ordinal0 [0x00916FA8+618408]
	Ordinal0 [0x00891D52+73042]
	Ordinal0 [0x0088E0D8+57560]
	Ordinal0 [0x0088C38A+50058]
	Ordinal0 [0x008B5E8E+220814]
	Ordinal0 [0x008B5BFC+220156]
	Ordinal0 [0x008B181B+202779]
	Ordinal0 [0x00893D74+81268]
	Ordinal0 [0x00894D6E+85358]
	Ordinal0 [0x00894CF9+85241]
	Ordinal0 [0x00AA6F2C+2256684]
	GetHandleVerifier [0x00D32FAC+1478332]
	GetHandleVerifier [0x00D32AFD+1477133]
	GetHandleVerifier [0x00D3AAD8+1509864]
	GetHandleVerifier [0x00D3369E+1480110]
	Ordinal0 [0x00A9D6BD+2217661]
	Ordinal0 [0x00AA89AB+2263467]
	Ordinal0 [0x00AA8AEF+2263791]
	Ordinal0 [0x00ABD363+2347875]
	BaseThreadInitThunk [0x751A6359+25]
	RtlGetAppContainerNamedObjectPath [0x77467C24+228]
	RtlGetAppContainerNamedObjectPath [0x77467BF4+180]

	at sun.reflect.NativeConstructorAccessorImpl.newInstance0(Native Method)
	at sun.reflect.NativeConstructorAccessorImpl.newInstance(NativeConstructorAccessorImpl.java:62)
	at sun.reflect.DelegatingConstructorAccessorImpl.newInstance(DelegatingConstructorAccessorImpl.java:45)
	at java.lang.reflect.Constructor.newInstance(Constructor.java:423)
	at org.openqa.selenium.remote.W3CHandshakeResponse.lambda$new$0(W3CHandshakeResponse.java:57)
	at org.openqa.selenium.remote.W3CHandshakeResponse.lambda$getResponseFunction$2(W3CHandshakeResponse.java:104)
	at org.openqa.selenium.remote.ProtocolHandshake.lambda$createSession$0(ProtocolHandshake.java:123)
	at java.util.stream.ReferencePipeline$3$1.accept(ReferencePipeline.java:193)
	at java.util.Spliterators$ArraySpliterator.tryAdvance(Spliterators.java:958)
	at java.util.stream.ReferencePipeline.forEachWithCancel(ReferencePipeline.java:126)
	at java.util.stream.AbstractPipeline.copyIntoWithCancel(AbstractPipeline.java:498)
	at java.util.stream.AbstractPipeline.copyInto(AbstractPipeline.java:485)
	at java.util.stream.AbstractPipeline.wrapAndCopyInto(AbstractPipeline.java:471)
	at java.util.stream.FindOps$FindOp.evaluateSequential(FindOps.java:152)
	at java.util.stream.AbstractPipeline.evaluate(AbstractPipeline.java:234)
	at java.util.stream.ReferencePipeline.findFirst(ReferencePipeline.java:464)
	at org.openqa.selenium.remote.ProtocolHandshake.createSession(ProtocolHandshake.java:126)
	at org.openqa.selenium.remote.ProtocolHandshake.createSession(ProtocolHandshake.java:73)
	at org.openqa.selenium.remote.HttpCommandExecutor.execute(HttpCommandExecutor.java:142)
	at org.openqa.selenium.remote.service.DriverCommandExecutor.execute(DriverCommandExecutor.java:83)
	at org.openqa.selenium.remote.RemoteWebDriver.execute(RemoteWebDriver.java:601)
	at org.openqa.selenium.remote.RemoteWebDriver.startSession(RemoteWebDriver.java:219)
	at org.openqa.selenium.remote.RemoteWebDriver.<init>(RemoteWebDriver.java:142)
	at org.openqa.selenium.chrome.ChromeDriver.<init>(ChromeDriver.java:181)
	at org.openqa.selenium.chrome.ChromeDriver.<init>(ChromeDriver.java:168)
	at org.openqa.selenium.chrome.ChromeDriver.<init>(ChromeDriver.java:123)
	at com.project.demo.base.BaseClass.open(BaseClass.java:25)
	at sun.reflect.NativeMethodAccessorImpl.invoke0(Native Method)
	at sun.reflect.NativeMethodAccessorImpl.invoke(NativeMethodAccessorImpl.java:62)
	at sun.reflect.DelegatingMethodAccessorImpl.invoke(DelegatingMethodAccessorImpl.java:43)
	at java.lang.reflect.Method.invoke(Method.java:498)
	at org.testng.internal.MethodInvocationHelper.invokeMethod(MethodInvocationHelper.java:80)
	at org.testng.internal.Invoker.invokeConfigurationMethod(Invoker.java:564)
	at org.testng.internal.Invoker.invokeConfigurations(Invoker.java:213)
	at org.testng.internal.Invoker.invokeConfigurations(Invoker.java:138)
	at org.testng.internal.TestMethodWorker.invokeBeforeClassMethods(TestMethodWorker.java:175)
	at org.testng.internal.TestMethodWorker.run(TestMethodWorker.java:107)
	at org.testng.TestRunner.privateRun(TestRunner.java:767)
	at org.testng.TestRunner.run(TestRunner.java:617)
	at org.testng.SuiteRunner.runTest(SuiteRunner.java:334)
	at org.testng.SuiteRunner.runSequentially(SuiteRunner.java:329)
	at org.testng.SuiteRunner.privateRun(SuiteRunner.java:291)
	at org.testng.SuiteRunner.run(SuiteRunner.java:240)
	at org.testng.SuiteRunnerWorker.runSuite(SuiteRunnerWorker.java:52)
	at org.testng.SuiteRunnerWorker.run(SuiteRunnerWorker.java:86)
	at org.testng.TestNG.runSuitesSequentially(TestNG.java:1198)
	at org.testng.TestNG.runSuitesLocally(TestNG.java:1123)
	at org.testng.TestNG.run(TestNG.java:1031)
	at org.apache.maven.surefire.testng.TestNGExecutor.run(TestNGExecutor.java:295)
	at org.apache.maven.surefire.testng.TestNGXmlTestSuite.execute(TestNGXmlTestSuite.java:84)
	at org.apache.maven.surefire.testng.TestNGProvider.invoke(TestNGProvider.java:90)
	at org.apache.maven.surefire.booter.ForkedBooter.invokeProviderInSameClassLoader(ForkedBooter.java:203)
	at org.apache.maven.surefire.booter.ForkedBooter.runSuitesInProcess(ForkedBooter.java:155)
	at org.apache.maven.surefire.booter.ForkedBooter.main(ForkedBooter.java:103)
]]>
            </full-stacktrace>
          </exception> <!-- org.openqa.selenium.SessionNotCreatedException -->
          <reporter-output>
          </reporter-output>
        </test-method> <!-- open -->
        <test-method status="SKIP" signature="InquiryTest()[pri:0, instance:com.project.demo.test.AuthTest@d041cf]" name="InquiryTest" duration-ms="0" started-at="2020-11-23T18:13:38Z" finished-at="2020-11-23T18:13:38Z">
          <reporter-output>
          </reporter-output>
        </test-method> <!-- InquiryTest -->
        <test-method status="SKIP" signature="end()[pri:0, instance:com.project.demo.test.AuthTest@d041cf]" name="end" is-config="true" duration-ms="0" started-at="2020-11-23T18:13:38Z" finished-at="2020-11-23T18:13:38Z">
          <reporter-output>
          </reporter-output>
        </test-method> <!-- end -->
      </class> <!-- com.project.demo.test.AuthTest -->
    </test> <!-- Test -->
  </suite> <!-- Suite -->
</testng-results>
