<?xml version="1.0" encoding="UTF-8"?>
<testng-results skipped="0" failed="0" total="1" passed="1">
  <reporter-output>
  </reporter-output>
  <suite name="Default suite" duration-ms="8231" started-at="2020-12-09T09:45:03Z" finished-at="2020-12-09T09:45:11Z">
    <groups>
    </groups>
    <test name="Default test" duration-ms="8231" started-at="2020-12-09T09:45:03Z" finished-at="2020-12-09T09:45:11Z">
      <class name="com.project.demo.test.AuthTest">
        <test-method status="PASS" signature="open()[pri:0, instance:com.project.demo.test.AuthTest@20e2cbe0]" name="open" is-config="true" duration-ms="7456" started-at="2020-12-09T15:15:03Z" finished-at="2020-12-09T15:15:10Z">
          <reporter-output>
          </reporter-output>
        </test-method> <!-- open -->
        <test-method status="PASS" signature="InquiryTest()[pri:0, instance:com.project.demo.test.AuthTest@20e2cbe0]" name="InquiryTest" duration-ms="25" started-at="2020-12-09T15:15:10Z" finished-at="2020-12-09T15:15:10Z">
          <reporter-output>
          </reporter-output>
        </test-method> <!-- InquiryTest -->
        <test-method status="PASS" signature="end()[pri:0, instance:com.project.demo.test.AuthTest@20e2cbe0]" name="end" is-config="true" duration-ms="738" started-at="2020-12-09T15:15:10Z" finished-at="2020-12-09T15:15:11Z">
          <reporter-output>
          </reporter-output>
        </test-method> <!-- end -->
      </class> <!-- com.project.demo.test.AuthTest -->
    </test> <!-- Default test -->
  </suite> <!-- Default suite -->
</testng-results>
